<?xml version="1.0" encoding="UTF-8"?>
<testsuite xmlns:xsi="http://www.w3.org/2001/XMLSchema-instance" xsi:noNamespaceSchemaLocation="https://maven.apache.org/surefire/maven-surefire-plugin/xsd/surefire-test-report-3.0.xsd" version="3.0" name="TestSuite" time="35.025" tests="5" errors="0" skipped="1" failures="1">
  <properties>
    <property name="java.specification.version" value="21"/>
    <property name="sun.cpu.isalist" value="amd64"/>
    <property name="sun.jnu.encoding" value="Cp1252"/>
    <property name="java.class.path" value="C:\Users\theer\eclipse-workspace-Shivani\Framework\target\test-classes;C:\Users\theer\eclipse-workspace-Shivani\Framework\target\classes;C:\Softwares\apache-maven-3.8.6-bin\Maven_Repo\org\seleniumhq\selenium\selenium-java\4.17.0\selenium-java-4.17.0.jar;C:\Softwares\apache-maven-3.8.6-bin\Maven_Repo\org\seleniumhq\selenium\selenium-api\4.17.0\selenium-api-4.17.0.jar;C:\Softwares\apache-maven-3.8.6-bin\Maven_Repo\org\seleniumhq\selenium\selenium-chrome-driver\4.17.0\selenium-chrome-driver-4.17.0.jar;C:\Softwares\apache-maven-3.8.6-bin\Maven_Repo\com\google\auto\service\auto-service-annotations\1.1.1\auto-service-annotations-1.1.1.jar;C:\Softwares\apache-maven-3.8.6-bin\Maven_Repo\org\seleniumhq\selenium\selenium-chromium-driver\4.17.0\selenium-chromium-driver-4.17.0.jar;C:\Softwares\apache-maven-3.8.6-bin\Maven_Repo\org\seleniumhq\selenium\selenium-json\4.17.0\selenium-json-4.17.0.jar;C:\Softwares\apache-maven-3.8.6-bin\Maven_Repo\org\seleniumhq\selenium\selenium-manager\4.17.0\selenium-manager-4.17.0.jar;C:\Softwares\apache-maven-3.8.6-bin\Maven_Repo\org\seleniumhq\selenium\selenium-devtools-v119\4.17.0\selenium-devtools-v119-4.17.0.jar;C:\Softwares\apache-maven-3.8.6-bin\Maven_Repo\org\seleniumhq\selenium\selenium-devtools-v120\4.17.0\selenium-devtools-v120-4.17.0.jar;C:\Softwares\apache-maven-3.8.6-bin\Maven_Repo\org\seleniumhq\selenium\selenium-devtools-v121\4.17.0\selenium-devtools-v121-4.17.0.jar;C:\Softwares\apache-maven-3.8.6-bin\Maven_Repo\org\seleniumhq\selenium\selenium-devtools-v85\4.17.0\selenium-devtools-v85-4.17.0.jar;C:\Softwares\apache-maven-3.8.6-bin\Maven_Repo\org\seleniumhq\selenium\selenium-edge-driver\4.17.0\selenium-edge-driver-4.17.0.jar;C:\Softwares\apache-maven-3.8.6-bin\Maven_Repo\org\seleniumhq\selenium\selenium-firefox-driver\4.17.0\selenium-firefox-driver-4.17.0.jar;C:\Softwares\apache-maven-3.8.6-bin\Maven_Repo\org\seleniumhq\selenium\selenium-http\4.17.0\selenium-http-4.17.0.jar;C:\Softwares\apache-maven-3.8.6-bin\Maven_Repo\dev\failsafe\failsafe\3.3.2\failsafe-3.3.2.jar;C:\Softwares\apache-maven-3.8.6-bin\Maven_Repo\org\seleniumhq\selenium\selenium-ie-driver\4.17.0\selenium-ie-driver-4.17.0.jar;C:\Softwares\apache-maven-3.8.6-bin\Maven_Repo\org\seleniumhq\selenium\selenium-remote-driver\4.17.0\selenium-remote-driver-4.17.0.jar;C:\Softwares\apache-maven-3.8.6-bin\Maven_Repo\com\google\guava\guava\33.0.0-jre\guava-33.0.0-jre.jar;C:\Softwares\apache-maven-3.8.6-bin\Maven_Repo\com\google\guava\failureaccess\1.0.2\failureaccess-1.0.2.jar;C:\Softwares\apache-maven-3.8.6-bin\Maven_Repo\com\google\guava\listenablefuture\9999.0-empty-to-avoid-conflict-with-guava\listenablefuture-9999.0-empty-to-avoid-conflict-with-guava.jar;C:\Softwares\apache-maven-3.8.6-bin\Maven_Repo\com\google\code\findbugs\jsr305\3.0.2\jsr305-3.0.2.jar;C:\Softwares\apache-maven-3.8.6-bin\Maven_Repo\org\checkerframework\checker-qual\3.41.0\checker-qual-3.41.0.jar;C:\Softwares\apache-maven-3.8.6-bin\Maven_Repo\com\google\errorprone\error_prone_annotations\2.23.0\error_prone_annotations-2.23.0.jar;C:\Softwares\apache-maven-3.8.6-bin\Maven_Repo\com\google\j2objc\j2objc-annotations\2.8\j2objc-annotations-2.8.jar;C:\Softwares\apache-maven-3.8.6-bin\Maven_Repo\io\opentelemetry\semconv\opentelemetry-semconv\1.23.1-alpha\opentelemetry-semconv-1.23.1-alpha.jar;C:\Softwares\apache-maven-3.8.6-bin\Maven_Repo\io\opentelemetry\opentelemetry-api\1.34.1\opentelemetry-api-1.34.1.jar;C:\Softwares\apache-maven-3.8.6-bin\Maven_Repo\io\opentelemetry\opentelemetry-context\1.34.1\opentelemetry-context-1.34.1.jar;C:\Softwares\apache-maven-3.8.6-bin\Maven_Repo\io\opentelemetry\opentelemetry-exporter-logging\1.34.1\opentelemetry-exporter-logging-1.34.1.jar;C:\Softwares\apache-maven-3.8.6-bin\Maven_Repo\io\opentelemetry\opentelemetry-sdk-common\1.34.1\opentelemetry-sdk-common-1.34.1.jar;C:\Softwares\apache-maven-3.8.6-bin\Maven_Repo\io\opentelemetry\opentelemetry-sdk-extension-autoconfigure-spi\1.34.1\opentelemetry-sdk-extension-autoconfigure-spi-1.34.1.jar;C:\Softwares\apache-maven-3.8.6-bin\Maven_Repo\io\opentelemetry\opentelemetry-sdk-extension-autoconfigure\1.34.1\opentelemetry-sdk-extension-autoconfigure-1.34.1.jar;C:\Softwares\apache-maven-3.8.6-bin\Maven_Repo\io\opentelemetry\opentelemetry-api-events\1.34.1-alpha\opentelemetry-api-events-1.34.1-alpha.jar;C:\Softwares\apache-maven-3.8.6-bin\Maven_Repo\io\opentelemetry\opentelemetry-sdk-trace\1.34.1\opentelemetry-sdk-trace-1.34.1.jar;C:\Softwares\apache-maven-3.8.6-bin\Maven_Repo\io\opentelemetry\opentelemetry-sdk\1.34.1\opentelemetry-sdk-1.34.1.jar;C:\Softwares\apache-maven-3.8.6-bin\Maven_Repo\io\opentelemetry\opentelemetry-sdk-metrics\1.34.1\opentelemetry-sdk-metrics-1.34.1.jar;C:\Softwares\apache-maven-3.8.6-bin\Maven_Repo\io\opentelemetry\opentelemetry-extension-incubator\1.34.1-alpha\opentelemetry-extension-incubator-1.34.1-alpha.jar;C:\Softwares\apache-maven-3.8.6-bin\Maven_Repo\io\opentelemetry\opentelemetry-sdk-logs\1.34.1\opentelemetry-sdk-logs-1.34.1.jar;C:\Softwares\apache-maven-3.8.6-bin\Maven_Repo\net\bytebuddy\byte-buddy\1.14.11\byte-buddy-1.14.11.jar;C:\Softwares\apache-maven-3.8.6-bin\Maven_Repo\org\seleniumhq\selenium\selenium-os\4.17.0\selenium-os-4.17.0.jar;C:\Softwares\apache-maven-3.8.6-bin\Maven_Repo\org\apache\commons\commons-exec\1.3\commons-exec-1.3.jar;C:\Softwares\apache-maven-3.8.6-bin\Maven_Repo\org\seleniumhq\selenium\selenium-safari-driver\4.17.0\selenium-safari-driver-4.17.0.jar;C:\Softwares\apache-maven-3.8.6-bin\Maven_Repo\org\seleniumhq\selenium\selenium-support\4.17.0\selenium-support-4.17.0.jar;C:\Softwares\apache-maven-3.8.6-bin\Maven_Repo\org\testng\testng\7.9.0\testng-7.9.0.jar;C:\Softwares\apache-maven-3.8.6-bin\Maven_Repo\org\slf4j\slf4j-api\1.7.36\slf4j-api-1.7.36.jar;C:\Softwares\apache-maven-3.8.6-bin\Maven_Repo\com\beust\jcommander\1.82\jcommander-1.82.jar;C:\Softwares\apache-maven-3.8.6-bin\Maven_Repo\org\webjars\jquery\3.7.1\jquery-3.7.1.jar;C:\Softwares\apache-maven-3.8.6-bin\Maven_Repo\org\slf4j\slf4j-simple\2.0.12\slf4j-simple-2.0.12.jar;C:\Softwares\apache-maven-3.8.6-bin\Maven_Repo\io\github\bonigarcia\webdrivermanager\5.6.3\webdrivermanager-5.6.3.jar;C:\Softwares\apache-maven-3.8.6-bin\Maven_Repo\com\google\code\gson\gson\2.10.1\gson-2.10.1.jar;C:\Softwares\apache-maven-3.8.6-bin\Maven_Repo\com\github\docker-java\docker-java\3.3.4\docker-java-3.3.4.jar;C:\Softwares\apache-maven-3.8.6-bin\Maven_Repo\com\github\docker-java\docker-java-core\3.3.4\docker-java-core-3.3.4.jar;C:\Softwares\apache-maven-3.8.6-bin\Maven_Repo\com\github\docker-java\docker-java-api\3.3.4\docker-java-api-3.3.4.jar;C:\Softwares\apache-maven-3.8.6-bin\Maven_Repo\commons-io\commons-io\2.13.0\commons-io-2.13.0.jar;C:\Softwares\apache-maven-3.8.6-bin\Maven_Repo\org\bouncycastle\bcpkix-jdk18on\1.76\bcpkix-jdk18on-1.76.jar;C:\Softwares\apache-maven-3.8.6-bin\Maven_Repo\org\bouncycastle\bcprov-jdk18on\1.76\bcprov-jdk18on-1.76.jar;C:\Softwares\apache-maven-3.8.6-bin\Maven_Repo\org\bouncycastle\bcutil-jdk18on\1.76\bcutil-jdk18on-1.76.jar;C:\Softwares\apache-maven-3.8.6-bin\Maven_Repo\org\slf4j\jcl-over-slf4j\1.7.30\jcl-over-slf4j-1.7.30.jar;C:\Softwares\apache-maven-3.8.6-bin\Maven_Repo\com\github\docker-java\docker-java-transport-httpclient5\3.3.4\docker-java-transport-httpclient5-3.3.4.jar;C:\Softwares\apache-maven-3.8.6-bin\Maven_Repo\com\github\docker-java\docker-java-transport\3.3.4\docker-java-transport-3.3.4.jar;C:\Softwares\apache-maven-3.8.6-bin\Maven_Repo\net\java\dev\jna\jna\5.13.0\jna-5.13.0.jar;C:\Softwares\apache-maven-3.8.6-bin\Maven_Repo\org\brotli\dec\0.1.2\dec-0.1.2.jar;C:\Softwares\apache-maven-3.8.6-bin\Maven_Repo\org\apache\commons\commons-lang3\3.14.0\commons-lang3-3.14.0.jar;C:\Softwares\apache-maven-3.8.6-bin\Maven_Repo\org\apache\commons\commons-compress\1.25.0\commons-compress-1.25.0.jar;C:\Softwares\apache-maven-3.8.6-bin\Maven_Repo\org\apache\httpcomponents\client5\httpclient5\5.2.1\httpclient5-5.2.1.jar;C:\Softwares\apache-maven-3.8.6-bin\Maven_Repo\org\apache\httpcomponents\core5\httpcore5\5.2\httpcore5-5.2.jar;C:\Softwares\apache-maven-3.8.6-bin\Maven_Repo\org\apache\httpcomponents\core5\httpcore5-h2\5.2\httpcore5-h2-5.2.jar;C:\Softwares\apache-maven-3.8.6-bin\Maven_Repo\com\fasterxml\jackson\core\jackson-databind\2.16.1\jackson-databind-2.16.1.jar;C:\Softwares\apache-maven-3.8.6-bin\Maven_Repo\com\fasterxml\jackson\core\jackson-annotations\2.16.1\jackson-annotations-2.16.1.jar;C:\Softwares\apache-maven-3.8.6-bin\Maven_Repo\com\fasterxml\jackson\core\jackson-core\2.16.1\jackson-core-2.16.1.jar;C:\Softwares\apache-maven-3.8.6-bin\Maven_Repo\com\aventstack\extentreports\5.1.1\extentreports-5.1.1.jar;C:\Softwares\apache-maven-3.8.6-bin\Maven_Repo\io\reactivex\rxjava3\rxjava\3.1.6\rxjava-3.1.6.jar;C:\Softwares\apache-maven-3.8.6-bin\Maven_Repo\org\reactivestreams\reactive-streams\1.0.4\reactive-streams-1.0.4.jar;C:\Softwares\apache-maven-3.8.6-bin\Maven_Repo\org\freemarker\freemarker\2.3.32\freemarker-2.3.32.jar;C:\Softwares\apache-maven-3.8.6-bin\Maven_Repo\org\projectlombok\lombok\1.18.26\lombok-1.18.26.jar;C:\Softwares\apache-maven-3.8.6-bin\Maven_Repo\io\cucumber\cucumber-java\7.15.0\cucumber-java-7.15.0.jar;C:\Softwares\apache-maven-3.8.6-bin\Maven_Repo\io\cucumber\cucumber-core\7.15.0\cucumber-core-7.15.0.jar;C:\Softwares\apache-maven-3.8.6-bin\Maven_Repo\io\cucumber\cucumber-gherkin\7.15.0\cucumber-gherkin-7.15.0.jar;C:\Softwares\apache-maven-3.8.6-bin\Maven_Repo\io\cucumber\cucumber-gherkin-messages\7.15.0\cucumber-gherkin-messages-7.15.0.jar;C:\Softwares\apache-maven-3.8.6-bin\Maven_Repo\io\cucumber\gherkin\26.2.0\gherkin-26.2.0.jar;C:\Softwares\apache-maven-3.8.6-bin\Maven_Repo\io\cucumber\messages\22.0.0\messages-22.0.0.jar;C:\Softwares\apache-maven-3.8.6-bin\Maven_Repo\io\cucumber\tag-expressions\6.0.0\tag-expressions-6.0.0.jar;C:\Softwares\apache-maven-3.8.6-bin\Maven_Repo\io\cucumber\cucumber-expressions\17.0.1\cucumber-expressions-17.0.1.jar;C:\Softwares\apache-maven-3.8.6-bin\Maven_Repo\io\cucumber\datatable\7.15.0\datatable-7.15.0.jar;C:\Softwares\apache-maven-3.8.6-bin\Maven_Repo\io\cucumber\cucumber-plugin\7.15.0\cucumber-plugin-7.15.0.jar;C:\Softwares\apache-maven-3.8.6-bin\Maven_Repo\io\cucumber\docstring\7.15.0\docstring-7.15.0.jar;C:\Softwares\apache-maven-3.8.6-bin\Maven_Repo\io\cucumber\html-formatter\20.4.0\html-formatter-20.4.0.jar;C:\Softwares\apache-maven-3.8.6-bin\Maven_Repo\io\cucumber\junit-xml-formatter\0.2.0\junit-xml-formatter-0.2.0.jar;C:\Softwares\apache-maven-3.8.6-bin\Maven_Repo\io\cucumber\ci-environment\10.0.0\ci-environment-10.0.0.jar;C:\Softwares\apache-maven-3.8.6-bin\Maven_Repo\org\apiguardian\apiguardian-api\1.1.2\apiguardian-api-1.1.2.jar;C:\Softwares\apache-maven-3.8.6-bin\Maven_Repo\io\cucumber\cucumber-testng\7.15.0\cucumber-testng-7.15.0.jar;"/>
    <property name="java.vm.vendor" value="Oracle Corporation"/>
    <property name="sun.arch.data.model" value="64"/>
    <property name="user.variant" value=""/>
    <property name="java.vendor.url" value="https://java.oracle.com/"/>
    <property name="user.timezone" value="America/Chicago"/>
    <property name="os.name" value="Windows 11"/>
    <property name="java.vm.specification.version" value="21"/>
    <property name="sun.java.launcher" value="SUN_STANDARD"/>
    <property name="user.country" value="US"/>
    <property name="sun.boot.library.path" value="C:\Program Files\Java\jdk-21\bin"/>
    <property name="sun.java.command" value="C:\Users\theer\AppData\Local\Temp\surefire9298247166770473067\surefirebooter-20240304151834832_3.jar C:\Users\theer\AppData\Local\Temp\surefire9298247166770473067 2024-03-04T15-18-34_579-jvmRun1 surefire-20240304151834832_1tmp surefire_0-20240304151834832_2tmp"/>
    <property name="jdk.debug" value="release"/>
    <property name="surefire.test.class.path" value="C:\Users\theer\eclipse-workspace-Shivani\Framework\target\test-classes;C:\Users\theer\eclipse-workspace-Shivani\Framework\target\classes;C:\Softwares\apache-maven-3.8.6-bin\Maven_Repo\org\seleniumhq\selenium\selenium-java\4.17.0\selenium-java-4.17.0.jar;C:\Softwares\apache-maven-3.8.6-bin\Maven_Repo\org\seleniumhq\selenium\selenium-api\4.17.0\selenium-api-4.17.0.jar;C:\Softwares\apache-maven-3.8.6-bin\Maven_Repo\org\seleniumhq\selenium\selenium-chrome-driver\4.17.0\selenium-chrome-driver-4.17.0.jar;C:\Softwares\apache-maven-3.8.6-bin\Maven_Repo\com\google\auto\service\auto-service-annotations\1.1.1\auto-service-annotations-1.1.1.jar;C:\Softwares\apache-maven-3.8.6-bin\Maven_Repo\org\seleniumhq\selenium\selenium-chromium-driver\4.17.0\selenium-chromium-driver-4.17.0.jar;C:\Softwares\apache-maven-3.8.6-bin\Maven_Repo\org\seleniumhq\selenium\selenium-json\4.17.0\selenium-json-4.17.0.jar;C:\Softwares\apache-maven-3.8.6-bin\Maven_Repo\org\seleniumhq\selenium\selenium-manager\4.17.0\selenium-manager-4.17.0.jar;C:\Softwares\apache-maven-3.8.6-bin\Maven_Repo\org\seleniumhq\selenium\selenium-devtools-v119\4.17.0\selenium-devtools-v119-4.17.0.jar;C:\Softwares\apache-maven-3.8.6-bin\Maven_Repo\org\seleniumhq\selenium\selenium-devtools-v120\4.17.0\selenium-devtools-v120-4.17.0.jar;C:\Softwares\apache-maven-3.8.6-bin\Maven_Repo\org\seleniumhq\selenium\selenium-devtools-v121\4.17.0\selenium-devtools-v121-4.17.0.jar;C:\Softwares\apache-maven-3.8.6-bin\Maven_Repo\org\seleniumhq\selenium\selenium-devtools-v85\4.17.0\selenium-devtools-v85-4.17.0.jar;C:\Softwares\apache-maven-3.8.6-bin\Maven_Repo\org\seleniumhq\selenium\selenium-edge-driver\4.17.0\selenium-edge-driver-4.17.0.jar;C:\Softwares\apache-maven-3.8.6-bin\Maven_Repo\org\seleniumhq\selenium\selenium-firefox-driver\4.17.0\selenium-firefox-driver-4.17.0.jar;C:\Softwares\apache-maven-3.8.6-bin\Maven_Repo\org\seleniumhq\selenium\selenium-http\4.17.0\selenium-http-4.17.0.jar;C:\Softwares\apache-maven-3.8.6-bin\Maven_Repo\dev\failsafe\failsafe\3.3.2\failsafe-3.3.2.jar;C:\Softwares\apache-maven-3.8.6-bin\Maven_Repo\org\seleniumhq\selenium\selenium-ie-driver\4.17.0\selenium-ie-driver-4.17.0.jar;C:\Softwares\apache-maven-3.8.6-bin\Maven_Repo\org\seleniumhq\selenium\selenium-remote-driver\4.17.0\selenium-remote-driver-4.17.0.jar;C:\Softwares\apache-maven-3.8.6-bin\Maven_Repo\com\google\guava\guava\33.0.0-jre\guava-33.0.0-jre.jar;C:\Softwares\apache-maven-3.8.6-bin\Maven_Repo\com\google\guava\failureaccess\1.0.2\failureaccess-1.0.2.jar;C:\Softwares\apache-maven-3.8.6-bin\Maven_Repo\com\google\guava\listenablefuture\9999.0-empty-to-avoid-conflict-with-guava\listenablefuture-9999.0-empty-to-avoid-conflict-with-guava.jar;C:\Softwares\apache-maven-3.8.6-bin\Maven_Repo\com\google\code\findbugs\jsr305\3.0.2\jsr305-3.0.2.jar;C:\Softwares\apache-maven-3.8.6-bin\Maven_Repo\org\checkerframework\checker-qual\3.41.0\checker-qual-3.41.0.jar;C:\Softwares\apache-maven-3.8.6-bin\Maven_Repo\com\google\errorprone\error_prone_annotations\2.23.0\error_prone_annotations-2.23.0.jar;C:\Softwares\apache-maven-3.8.6-bin\Maven_Repo\com\google\j2objc\j2objc-annotations\2.8\j2objc-annotations-2.8.jar;C:\Softwares\apache-maven-3.8.6-bin\Maven_Repo\io\opentelemetry\semconv\opentelemetry-semconv\1.23.1-alpha\opentelemetry-semconv-1.23.1-alpha.jar;C:\Softwares\apache-maven-3.8.6-bin\Maven_Repo\io\opentelemetry\opentelemetry-api\1.34.1\opentelemetry-api-1.34.1.jar;C:\Softwares\apache-maven-3.8.6-bin\Maven_Repo\io\opentelemetry\opentelemetry-context\1.34.1\opentelemetry-context-1.34.1.jar;C:\Softwares\apache-maven-3.8.6-bin\Maven_Repo\io\opentelemetry\opentelemetry-exporter-logging\1.34.1\opentelemetry-exporter-logging-1.34.1.jar;C:\Softwares\apache-maven-3.8.6-bin\Maven_Repo\io\opentelemetry\opentelemetry-sdk-common\1.34.1\opentelemetry-sdk-common-1.34.1.jar;C:\Softwares\apache-maven-3.8.6-bin\Maven_Repo\io\opentelemetry\opentelemetry-sdk-extension-autoconfigure-spi\1.34.1\opentelemetry-sdk-extension-autoconfigure-spi-1.34.1.jar;C:\Softwares\apache-maven-3.8.6-bin\Maven_Repo\io\opentelemetry\opentelemetry-sdk-extension-autoconfigure\1.34.1\opentelemetry-sdk-extension-autoconfigure-1.34.1.jar;C:\Softwares\apache-maven-3.8.6-bin\Maven_Repo\io\opentelemetry\opentelemetry-api-events\1.34.1-alpha\opentelemetry-api-events-1.34.1-alpha.jar;C:\Softwares\apache-maven-3.8.6-bin\Maven_Repo\io\opentelemetry\opentelemetry-sdk-trace\1.34.1\opentelemetry-sdk-trace-1.34.1.jar;C:\Softwares\apache-maven-3.8.6-bin\Maven_Repo\io\opentelemetry\opentelemetry-sdk\1.34.1\opentelemetry-sdk-1.34.1.jar;C:\Softwares\apache-maven-3.8.6-bin\Maven_Repo\io\opentelemetry\opentelemetry-sdk-metrics\1.34.1\opentelemetry-sdk-metrics-1.34.1.jar;C:\Softwares\apache-maven-3.8.6-bin\Maven_Repo\io\opentelemetry\opentelemetry-extension-incubator\1.34.1-alpha\opentelemetry-extension-incubator-1.34.1-alpha.jar;C:\Softwares\apache-maven-3.8.6-bin\Maven_Repo\io\opentelemetry\opentelemetry-sdk-logs\1.34.1\opentelemetry-sdk-logs-1.34.1.jar;C:\Softwares\apache-maven-3.8.6-bin\Maven_Repo\net\bytebuddy\byte-buddy\1.14.11\byte-buddy-1.14.11.jar;C:\Softwares\apache-maven-3.8.6-bin\Maven_Repo\org\seleniumhq\selenium\selenium-os\4.17.0\selenium-os-4.17.0.jar;C:\Softwares\apache-maven-3.8.6-bin\Maven_Repo\org\apache\commons\commons-exec\1.3\commons-exec-1.3.jar;C:\Softwares\apache-maven-3.8.6-bin\Maven_Repo\org\seleniumhq\selenium\selenium-safari-driver\4.17.0\selenium-safari-driver-4.17.0.jar;C:\Softwares\apache-maven-3.8.6-bin\Maven_Repo\org\seleniumhq\selenium\selenium-support\4.17.0\selenium-support-4.17.0.jar;C:\Softwares\apache-maven-3.8.6-bin\Maven_Repo\org\testng\testng\7.9.0\testng-7.9.0.jar;C:\Softwares\apache-maven-3.8.6-bin\Maven_Repo\org\slf4j\slf4j-api\1.7.36\slf4j-api-1.7.36.jar;C:\Softwares\apache-maven-3.8.6-bin\Maven_Repo\com\beust\jcommander\1.82\jcommander-1.82.jar;C:\Softwares\apache-maven-3.8.6-bin\Maven_Repo\org\webjars\jquery\3.7.1\jquery-3.7.1.jar;C:\Softwares\apache-maven-3.8.6-bin\Maven_Repo\org\slf4j\slf4j-simple\2.0.12\slf4j-simple-2.0.12.jar;C:\Softwares\apache-maven-3.8.6-bin\Maven_Repo\io\github\bonigarcia\webdrivermanager\5.6.3\webdrivermanager-5.6.3.jar;C:\Softwares\apache-maven-3.8.6-bin\Maven_Repo\com\google\code\gson\gson\2.10.1\gson-2.10.1.jar;C:\Softwares\apache-maven-3.8.6-bin\Maven_Repo\com\github\docker-java\docker-java\3.3.4\docker-java-3.3.4.jar;C:\Softwares\apache-maven-3.8.6-bin\Maven_Repo\com\github\docker-java\docker-java-core\3.3.4\docker-java-core-3.3.4.jar;C:\Softwares\apache-maven-3.8.6-bin\Maven_Repo\com\github\docker-java\docker-java-api\3.3.4\docker-java-api-3.3.4.jar;C:\Softwares\apache-maven-3.8.6-bin\Maven_Repo\commons-io\commons-io\2.13.0\commons-io-2.13.0.jar;C:\Softwares\apache-maven-3.8.6-bin\Maven_Repo\org\bouncycastle\bcpkix-jdk18on\1.76\bcpkix-jdk18on-1.76.jar;C:\Softwares\apache-maven-3.8.6-bin\Maven_Repo\org\bouncycastle\bcprov-jdk18on\1.76\bcprov-jdk18on-1.76.jar;C:\Softwares\apache-maven-3.8.6-bin\Maven_Repo\org\bouncycastle\bcutil-jdk18on\1.76\bcutil-jdk18on-1.76.jar;C:\Softwares\apache-maven-3.8.6-bin\Maven_Repo\org\slf4j\jcl-over-slf4j\1.7.30\jcl-over-slf4j-1.7.30.jar;C:\Softwares\apache-maven-3.8.6-bin\Maven_Repo\com\github\docker-java\docker-java-transport-httpclient5\3.3.4\docker-java-transport-httpclient5-3.3.4.jar;C:\Softwares\apache-maven-3.8.6-bin\Maven_Repo\com\github\docker-java\docker-java-transport\3.3.4\docker-java-transport-3.3.4.jar;C:\Softwares\apache-maven-3.8.6-bin\Maven_Repo\net\java\dev\jna\jna\5.13.0\jna-5.13.0.jar;C:\Softwares\apache-maven-3.8.6-bin\Maven_Repo\org\brotli\dec\0.1.2\dec-0.1.2.jar;C:\Softwares\apache-maven-3.8.6-bin\Maven_Repo\org\apache\commons\commons-lang3\3.14.0\commons-lang3-3.14.0.jar;C:\Softwares\apache-maven-3.8.6-bin\Maven_Repo\org\apache\commons\commons-compress\1.25.0\commons-compress-1.25.0.jar;C:\Softwares\apache-maven-3.8.6-bin\Maven_Repo\org\apache\httpcomponents\client5\httpclient5\5.2.1\httpclient5-5.2.1.jar;C:\Softwares\apache-maven-3.8.6-bin\Maven_Repo\org\apache\httpcomponents\core5\httpcore5\5.2\httpcore5-5.2.jar;C:\Softwares\apache-maven-3.8.6-bin\Maven_Repo\org\apache\httpcomponents\core5\httpcore5-h2\5.2\httpcore5-h2-5.2.jar;C:\Softwares\apache-maven-3.8.6-bin\Maven_Repo\com\fasterxml\jackson\core\jackson-databind\2.16.1\jackson-databind-2.16.1.jar;C:\Softwares\apache-maven-3.8.6-bin\Maven_Repo\com\fasterxml\jackson\core\jackson-annotations\2.16.1\jackson-annotations-2.16.1.jar;C:\Softwares\apache-maven-3.8.6-bin\Maven_Repo\com\fasterxml\jackson\core\jackson-core\2.16.1\jackson-core-2.16.1.jar;C:\Softwares\apache-maven-3.8.6-bin\Maven_Repo\com\aventstack\extentreports\5.1.1\extentreports-5.1.1.jar;C:\Softwares\apache-maven-3.8.6-bin\Maven_Repo\io\reactivex\rxjava3\rxjava\3.1.6\rxjava-3.1.6.jar;C:\Softwares\apache-maven-3.8.6-bin\Maven_Repo\org\reactivestreams\reactive-streams\1.0.4\reactive-streams-1.0.4.jar;C:\Softwares\apache-maven-3.8.6-bin\Maven_Repo\org\freemarker\freemarker\2.3.32\freemarker-2.3.32.jar;C:\Softwares\apache-maven-3.8.6-bin\Maven_Repo\org\projectlombok\lombok\1.18.26\lombok-1.18.26.jar;C:\Softwares\apache-maven-3.8.6-bin\Maven_Repo\io\cucumber\cucumber-java\7.15.0\cucumber-java-7.15.0.jar;C:\Softwares\apache-maven-3.8.6-bin\Maven_Repo\io\cucumber\cucumber-core\7.15.0\cucumber-core-7.15.0.jar;C:\Softwares\apache-maven-3.8.6-bin\Maven_Repo\io\cucumber\cucumber-gherkin\7.15.0\cucumber-gherkin-7.15.0.jar;C:\Softwares\apache-maven-3.8.6-bin\Maven_Repo\io\cucumber\cucumber-gherkin-messages\7.15.0\cucumber-gherkin-messages-7.15.0.jar;C:\Softwares\apache-maven-3.8.6-bin\Maven_Repo\io\cucumber\gherkin\26.2.0\gherkin-26.2.0.jar;C:\Softwares\apache-maven-3.8.6-bin\Maven_Repo\io\cucumber\messages\22.0.0\messages-22.0.0.jar;C:\Softwares\apache-maven-3.8.6-bin\Maven_Repo\io\cucumber\tag-expressions\6.0.0\tag-expressions-6.0.0.jar;C:\Softwares\apache-maven-3.8.6-bin\Maven_Repo\io\cucumber\cucumber-expressions\17.0.1\cucumber-expressions-17.0.1.jar;C:\Softwares\apache-maven-3.8.6-bin\Maven_Repo\io\cucumber\datatable\7.15.0\datatable-7.15.0.jar;C:\Softwares\apache-maven-3.8.6-bin\Maven_Repo\io\cucumber\cucumber-plugin\7.15.0\cucumber-plugin-7.15.0.jar;C:\Softwares\apache-maven-3.8.6-bin\Maven_Repo\io\cucumber\docstring\7.15.0\docstring-7.15.0.jar;C:\Softwares\apache-maven-3.8.6-bin\Maven_Repo\io\cucumber\html-formatter\20.4.0\html-formatter-20.4.0.jar;C:\Softwares\apache-maven-3.8.6-bin\Maven_Repo\io\cucumber\junit-xml-formatter\0.2.0\junit-xml-formatter-0.2.0.jar;C:\Softwares\apache-maven-3.8.6-bin\Maven_Repo\io\cucumber\ci-environment\10.0.0\ci-environment-10.0.0.jar;C:\Softwares\apache-maven-3.8.6-bin\Maven_Repo\org\apiguardian\apiguardian-api\1.1.2\apiguardian-api-1.1.2.jar;C:\Softwares\apache-maven-3.8.6-bin\Maven_Repo\io\cucumber\cucumber-testng\7.15.0\cucumber-testng-7.15.0.jar;"/>
    <property name="sun.cpu.endian" value="little"/>
    <property name="user.home" value="C:\Users\theer"/>
    <property name="user.language" value="en"/>
    <property name="java.specification.vendor" value="Oracle Corporation"/>
    <property name="java.version.date" value="2023-10-17"/>
    <property name="java.home" value="C:\Program Files\Java\jdk-21"/>
    <property name="file.separator" value="\"/>
    <property name="basedir" value="C:\Users\theer\eclipse-workspace-Shivani\Framework"/>
    <property name="java.vm.compressedOopsMode" value="Zero based"/>
    <property name="line.separator" value="&#10;"/>
    <property name="java.vm.specification.vendor" value="Oracle Corporation"/>
    <property name="java.specification.name" value="Java Platform API Specification"/>
    <property name="surefire.real.class.path" value="C:\Users\theer\AppData\Local\Temp\surefire9298247166770473067\surefirebooter-20240304151834832_3.jar"/>
    <property name="Browser" value="chrome"/>
    <property name="user.script" value=""/>
    <property name="sun.management.compiler" value="HotSpot 64-Bit Tiered Compilers"/>
    <property name="java.runtime.version" value="21.0.1+12-LTS-29"/>
    <property name="user.name" value="theer"/>
    <property name="stdout.encoding" value="Cp1252"/>
    <property name="path.separator" value=";"/>
    <property name="os.version" value="10.0"/>
    <property name="java.runtime.name" value="Java(TM) SE Runtime Environment"/>
    <property name="file.encoding" value="UTF-8"/>
    <property name="java.vm.name" value="Java HotSpot(TM) 64-Bit Server VM"/>
    <property name="localRepository" value="C:\Softwares\apache-maven-3.8.6-bin\Maven_Repo"/>
    <property name="java.vendor.url.bug" value="https://bugreport.java.com/bugreport/"/>
    <property name="java.io.tmpdir" value="C:\Users\theer\AppData\Local\Temp\"/>
    <property name="java.version" value="21.0.1"/>
    <property name="user.dir" value="C:\Users\theer\eclipse-workspace-Shivani\Framework"/>
    <property name="os.arch" value="amd64"/>
    <property name="java.vm.specification.name" value="Java Virtual Machine Specification"/>
    <property name="sun.os.patch.level" value=""/>
    <property name="native.encoding" value="Cp1252"/>
    <property name="java.library.path" value="C:\Program Files\Java\jdk-21\bin;C:\WINDOWS\Sun\Java\bin;C:\WINDOWS\system32;C:\WINDOWS;C:\WINDOWS\system32;C:\WINDOWS;C:\WINDOWS\System32\Wbem;C:\WINDOWS\System32\WindowsPowerShell\v1.0\;C:\WINDOWS\System32\OpenSSH\;C:\Program Files\Microsoft SQL Server\130\Tools\Binn\;C:\Program Files\Microsoft SQL Server\Client SDK\ODBC\170\Tools\Binn\;C:\Program Files\dotnet\;C:\Users\theer\AppData\Roaming\nvm;C:\Program Files\nodejs;C:\Program Files\nodejs\;C:\Program Files\Microsoft VS Code\bin;C:\Program Files\Git\cmd;C:\Softwares\apache-maven-3.8.6-bin\apache-maven-3.8.6\bin;C:\Android;C:\Windows\System32;C:\Program Files\Common Files\Oracle\Java\javapath;C:\Program Files\Java\jdk-17\bin;C:\Users\theer\AppData\Local\Microsoft\WindowsApps;C:\Users\theer\.dotnet\tools;C:\Users\theer\AppData\Roaming\nvm;C:\Program Files\nodejs;C:\Users\theer\AppData\Roaming\npm;C:\Users\Maven_New\apache-maven-3.9.6\bin;;."/>
    <property name="java.vm.info" value="mixed mode, sharing"/>
    <property name="stderr.encoding" value="Cp1252"/>
    <property name="java.vendor" value="Oracle Corporation"/>
    <property name="java.vm.version" value="21.0.1+12-LTS-29"/>
    <property name="sun.io.unicode.encoding" value="UnicodeLittle"/>
    <property name="java.class.version" value="65.0"/>
  </properties>
  <testcase name="ErrorLogin" classname="Tutorial.Framework.ShopmodifiedErrorvalidationsTest" time="1.359">
    <system-out><![CDATA[ZARA COAT 3
]]></system-out>
    <system-err><![CDATA[SLF4J: Failed to load class "org.slf4j.impl.StaticLoggerBinder".
SLF4J: Defaulting to no-operation (NOP) logger implementation
SLF4J: See http://www.slf4j.org/codes.html#StaticLoggerBinder for further details.
]]></system-err>
  </testcase>
  <testcase name="PlaceOrderError" classname="Tutorial.Framework.ShopmodifiedErrorvalidationsTest" time="0.0">
    <skipped message="expected [false] but found [true]"/>
    <system-out><![CDATA[ZARA COAT 3
ADIDAS ORIGINAL
IPHONE 13 PRO
]]></system-out>
  </testcase>
  <testcase name="PlaceOrderError" classname="Tutorial.Framework.ShopmodifiedErrorvalidationsTest" time="9.166">
    <failure message="expected [false] but found [true]" type="java.lang.AssertionError"><![CDATA[java.lang.AssertionError: expected [false] but found [true]
	at org.testng.Assert.fail(Assert.java:111)
	at org.testng.Assert.failNotEquals(Assert.java:1578)
	at org.testng.Assert.assertFalse(Assert.java:79)
	at org.testng.Assert.assertFalse(Assert.java:89)
	at Tutorial.Framework.ShopmodifiedErrorvalidationsTest.PlaceOrderError(ShopmodifiedErrorvalidationsTest.java:46)
	at java.base/jdk.internal.reflect.DirectMethodHandleAccessor.invoke(DirectMethodHandleAccessor.java:103)
	at java.base/java.lang.reflect.Method.invoke(Method.java:580)
	at org.testng.internal.invokers.MethodInvocationHelper.invokeMethod(MethodInvocationHelper.java:139)
	at org.testng.internal.invokers.TestInvoker.invokeMethod(TestInvoker.java:664)
	at org.testng.internal.invokers.TestInvoker.retryFailed(TestInvoker.java:249)
	at org.testng.internal.invokers.MethodRunner.runInSequence(MethodRunner.java:76)
	at org.testng.internal.invokers.TestInvoker$MethodInvocationAgent.invoke(TestInvoker.java:961)
	at org.testng.internal.invokers.TestInvoker.invokeTestMethods(TestInvoker.java:201)
	at org.testng.internal.invokers.TestMethodWorker.invokeTestMethods(TestMethodWorker.java:148)
	at org.testng.internal.invokers.TestMethodWorker.run(TestMethodWorker.java:128)
	at java.base/java.util.ArrayList.forEach(ArrayList.java:1596)
	at org.testng.TestRunner.privateRun(TestRunner.java:819)
	at org.testng.TestRunner.run(TestRunner.java:619)
	at org.testng.SuiteRunner.runTest(SuiteRunner.java:443)
	at org.testng.SuiteRunner$SuiteWorker.run(SuiteRunner.java:481)
	at org.testng.internal.thread.ThreadUtil.lambda$execute$0(ThreadUtil.java:58)
	at java.base/java.util.concurrent.FutureTask.run(FutureTask.java:317)
	at java.base/java.util.concurrent.ThreadPoolExecutor.runWorker(ThreadPoolExecutor.java:1144)
	at java.base/java.util.concurrent.ThreadPoolExecutor$Worker.run(ThreadPoolExecutor.java:642)
	at java.base/java.lang.Thread.run(Thread.java:1583)
]]></failure>
    <system-out><![CDATA[ZARA COAT 3
ADIDAS ORIGINAL
IPHONE 13 PRO
]]></system-out>
  </testcase>
  <testcase name="submitOrder[{password=Cream90!, email=strawberry@gmail.com}](1)" classname="Tutorial.Framework.ShopmodifiedwithJsonTest" time="0.486">
    <system-out><![CDATA[ADIDAS ORIGINAL
IPHONE 13 PRO
****ordernumber****| 65e63ab9a86f8f74dc907180 |
]]></system-out>
  </testcase>
  <testcase name="submitOrder[{password=Iamking@000, email=shetty@gmail.com}](2)" classname="Tutorial.Framework.ShopmodifiedwithJsonTest" time="1.903">
    <system-out><![CDATA[ZARA COAT 3
ADIDAS ORIGINAL
IPHONE 13 PRO
****ordernumber****| 65e63ac6a86f8f74dc9071b1 |
]]></system-out>
  </testcase>
</testsuite>