<?xml version="1.0" encoding="UTF-8"?>
<!-- Generated by org.testng.reporters.JUnitReportReporter -->
<testsuite hostname="LAPTOP-HOGD6GNA" failures="0" tests="3" name="Tutorial.Framework.ShopmodifiedwithHashMap" time="30.392" errors="0" timestamp="2024-02-23T13:06:56 CST" skipped="0">
  <testcase classname="Tutorial.Framework.ShopmodifiedwithHashMap" name="submitOrder" time="11.624"/>
  <testcase classname="Tutorial.Framework.ShopmodifiedwithHashMap" name="submitOrder" time="9.975"/>
  <testcase classname="Tutorial.Framework.ShopmodifiedwithHashMap" name="orderHistory" time="8.793"/>
</testsuite> <!-- Tutorial.Framework.ShopmodifiedwithHashMap -->
