<?xml version="1.0" encoding="UTF-8"?>
<!-- Generated by org.testng.reporters.JUnitReportReporter -->
<testsuite hostname="LAPTOP-HOGD6GNA" failures="0" tests="3" name="Tutorial.Framework.Shopmodified" time="25.064" errors="0" timestamp="2024-02-22T19:51:05 CST" skipped="0">
  <testcase classname="Tutorial.Framework.Shopmodified" name="submitOrder" time="9.284"/>
  <testcase classname="Tutorial.Framework.Shopmodified" name="submitOrder" time="10.314"/>
  <testcase classname="Tutorial.Framework.Shopmodified" name="orderHistory" time="5.466"/>
</testsuite> <!-- Tutorial.Framework.Shopmodified -->
