<?xml version="1.0" encoding="UTF-8"?>
<!-- Generated by org.testng.reporters.JUnitReportReporter -->
<testsuite hostname="LAPTOP-HOGD6GNA" failures="0" tests="2" name="Tutorial.Framework.ShopmodifiedwithJson" time="21.582" errors="0" timestamp="2024-02-23T17:47:41 CST" skipped="0">
  <testcase classname="Tutorial.Framework.ShopmodifiedwithJson" name="submitOrder" time="14.273"/>
  <testcase classname="Tutorial.Framework.ShopmodifiedwithJson" name="submitOrder" time="7.309"/>
</testsuite> <!-- Tutorial.Framework.ShopmodifiedwithJson -->
