<?xml version="1.0" encoding="UTF-8"?>
<!-- Generated by org.testng.reporters.JUnitReportReporter -->
<testsuite hostname="LAPTOP-HOGD6GNA" failures="0" tests="2" name="Tutorial.Framework.ShopmodifiedwithJsonTest" time="33.830" errors="0" timestamp="2024-03-06T20:56:21 CST" skipped="0">
  <testcase classname="Tutorial.Framework.ShopmodifiedwithJsonTest" name="submitOrder" time="15.252"/>
  <testcase classname="Tutorial.Framework.ShopmodifiedwithJsonTest" name="submitOrder" time="18.578"/>
</testsuite> <!-- Tutorial.Framework.ShopmodifiedwithJsonTest -->
