<?xml version="1.0" encoding="UTF-8"?>
<!-- Generated by org.testng.reporters.JUnitReportReporter -->
<testsuite hostname="LAPTOP-HOGD6GNA" failures="0" tests="3" name="Tutorial.Framework.ShopmodifiedTest" time="25.462" errors="0" timestamp="2024-02-26T14:03:01 CST" skipped="0">
  <testcase classname="Tutorial.Framework.ShopmodifiedTest" name="orderHistory" time="6.247"/>
  <testcase classname="Tutorial.Framework.ShopmodifiedTest" name="submitOrder" time="9.215"/>
  <testcase classname="Tutorial.Framework.ShopmodifiedTest" name="submitOrder" time="10.000"/>
</testsuite> <!-- Tutorial.Framework.ShopmodifiedTest -->
