<?xml version="1.0" encoding="UTF-8"?>
<!-- Generated by org.testng.reporters.JUnitReportReporter -->
<testsuite hostname="LAPTOP-HOGD6GNA" failures="0" tests="1" name="cucumber.TestNGTestRunnerfile" time="11.205" errors="0" timestamp="2024-03-01T16:06:10 CST" skipped="0">
  <testcase classname="cucumber.TestNGTestRunnerfile" name="runScenario" time="11.205"/>
</testsuite> <!-- cucumber.TestNGTestRunnerfile -->
