<?xml version="1.0" encoding="UTF-8"?>
<!-- Generated by org.testng.reporters.JUnitReportReporter -->
<testsuite hostname="LAPTOP-HOGD6GNA" failures="0" tests="2" name="Tutorial.Framework.ShopmodifiedwithJsonTest" time="25.835" errors="0" timestamp="2024-03-04T15:19:10 CST" skipped="0">
  <testcase classname="Tutorial.Framework.ShopmodifiedwithJsonTest" name="submitOrder" time="12.804"/>
  <testcase classname="Tutorial.Framework.ShopmodifiedwithJsonTest" name="submitOrder" time="13.031"/>
</testsuite> <!-- Tutorial.Framework.ShopmodifiedwithJsonTest -->
