<?xml version="1.0" encoding="UTF-8"?>
<!-- Generated by org.testng.reporters.JUnitReportReporter -->
<testsuite hostname="LAPTOP-HOGD6GNA" failures="0" tests="3" name="Tutorial.Framework.ShopmodifiedwithHashMapTest" time="25.280" errors="0" timestamp="2024-02-26T14:03:01 CST" skipped="0">
  <testcase classname="Tutorial.Framework.ShopmodifiedwithHashMapTest" name="orderHistory" time="5.759"/>
  <testcase classname="Tutorial.Framework.ShopmodifiedwithHashMapTest" name="submitOrder" time="9.670"/>
  <testcase classname="Tutorial.Framework.ShopmodifiedwithHashMapTest" name="submitOrder" time="9.851"/>
</testsuite> <!-- Tutorial.Framework.ShopmodifiedwithHashMapTest -->
